#
# There is insufficient memory for the Java Runtime Environment to continue.
# Native memory allocation (mmap) failed to map 134217728 bytes. Error detail: G1 virtual space
# Possible reasons:
#   The system is out of physical RAM or swap space
#   This process is running with CompressedOops enabled, and the Java Heap may be blocking the growth of the native heap
# Possible solutions:
#   Reduce memory load on the system
#   Increase physical memory or swap space
#   Check if swap backing store is full
#   Decrease Java heap size (-Xmx/-Xms)
#   Decrease number of Java threads
#   Decrease Java thread stack sizes (-Xss)
#   Set larger code cache with -XX:ReservedCodeCacheSize=
#   JVM is running with Unscaled Compressed Oops mode in which the Java heap is
#     placed in the first 4GB address space. The Java Heap base address is the
#     maximum limit for the native heap growth. Please use -XX:HeapBaseMinAddress
#     to set the Java Heap base and to place the Java Heap above 4GB virtual address.
# This output file may be truncated or incomplete.
#
#  Out of Memory Error (os_windows.cpp:3710), pid=4032, tid=13716
#
# JRE version:  (17.0.14+7) (build )
# Java VM: OpenJDK 64-Bit Server VM (17.0.14+7-LTS, mixed mode, sharing, tiered, compressed oops, compressed class ptrs, g1 gc, windows-amd64)
# No core dump will be written. Minidumps are not enabled by default on client versions of Windows
#

---------------  S U M M A R Y ------------

Command Line: -ea -Didea.test.cyclic.buffer.size=1048576 -javaagent:C:\Program Files\JetBrains\IntelliJ IDEA Community Edition 2023.3.6\lib\idea_rt.jar=63081:C:\Program Files\JetBrains\IntelliJ IDEA Community Edition 2023.3.6\bin -Dfile.encoding=UTF-8 com.intellij.rt.junit.JUnitStarter -ideVersion5 -junit5 org.study.SimpleCalculatorAppTest,multiplying

Host: Intel(R) Core(TM) i3-7100 CPU @ 3.90GHz, 4 cores, 7G,  Windows 10 , 64 bit Build 19041 (10.0.19041.5198)
Time: Thu Feb  6 23:51:36 2025 Pacific Standard Time elapsed time: 0.015801 seconds (0d 0h 0m 0s)

---------------  T H R E A D  ---------------

Current thread (0x00000173ebef39d0):  JavaThread "Unknown thread" [_thread_in_vm, id=13716, stack(0x0000006814300000,0x0000006814400000)]

Stack: [0x0000006814300000,0x0000006814400000]
Native frames: (J=compiled Java code, j=interpreted, Vv=VM code, C=native code)
V  [jvm.dll+0x6886b9]
V  [jvm.dll+0x83f6f8]
V  [jvm.dll+0x8411a3]
V  [jvm.dll+0x841813]
V  [jvm.dll+0x2495cf]
V  [jvm.dll+0x6855f9]
V  [jvm.dll+0x679a8a]
V  [jvm.dll+0x30afc7]
V  [jvm.dll+0x312536]
V  [jvm.dll+0x362eee]
V  [jvm.dll+0x36312d]
V  [jvm.dll+0x2e225c]
V  [jvm.dll+0x2e3174]
V  [jvm.dll+0x8115fb]
V  [jvm.dll+0x370c01]
V  [jvm.dll+0x7f00ef]
V  [jvm.dll+0x3f76ff]
V  [jvm.dll+0x3f9231]
C  [jli.dll+0x52a0]
C  [ucrtbase.dll+0x21bb2]
C  [KERNEL32.DLL+0x17374]
C  [ntdll.dll+0x4cc91]


---------------  P R O C E S S  ---------------

Threads class SMR info:
_java_thread_list=0x00007ff9485defd8, length=0, elements={
}

Java Threads: ( => current thread )

Other Threads:
  0x00000173ebf4c760 GCTaskThread "GC Thread#0" [stack: 0x0000006814400000,0x0000006814500000] [id=1236]
  0x00000173ebf59d10 ConcurrentGCThread "G1 Main Marker" [stack: 0x0000006814500000,0x0000006814600000] [id=8848]
  0x00000173ebf5b3f0 ConcurrentGCThread "G1 Conc#0" [stack: 0x0000006814600000,0x0000006814700000] [id=11760]

[error occurred during error reporting (printing all threads), id 0xc0000005, EXCEPTION_ACCESS_VIOLATION (0xc0000005) at pc=0x00007ff947d92db7]

VM state: not at safepoint (not fully initialized)

VM Mutex/Monitor currently owned by a thread:  ([mutex/lock_event])
[0x00000173ebeeeb00] Heap_lock - owner thread: 0x00000173ebef39d0

Heap address: 0x0000000081400000, size: 2028 MB, Compressed Oops mode: 32-bit

CDS archive(s) mapped at: [0x0000000000000000-0x0000000000000000-0x0000000000000000), size 0, SharedBaseAddress: 0x0000000800000000, ArchiveRelocationMode: 1.
Narrow klass base: 0x0000000000000000, Narrow klass shift: 0, Narrow klass range: 0x0

GC Precious Log:
<Empty>

Heap:
 garbage-first heap   total 0K, used 0K [0x0000000081400000, 0x0000000100000000)
  region size 1024K, 0 young (0K), 0 survivors (0K)

[error occurred during error reporting (printing heap information), id 0xc0000005, EXCEPTION_ACCESS_VIOLATION (0xc0000005) at pc=0x00007ff9481822e9]

GC Heap History (0 events):
No events

Dll operation events (1 events):
Event: 0.012 Loaded shared library C:\Program Files\Microsoft\jdk-17.0.14.7-hotspot\bin\java.dll

Deoptimization events (0 events):
No events

Classes loaded (0 events):
No events

Classes unloaded (0 events):
No events

Classes redefined (0 events):
No events

Internal exceptions (0 events):
No events

VM Operations (0 events):
No events

Memory protections (0 events):
No events

Nmethod flushes (0 events):
No events

Events (0 events):
No events


Dynamic libraries:
0x00007ff7fc7c0000 - 0x00007ff7fc7ce000 	C:\Program Files\Microsoft\jdk-17.0.14.7-hotspot\bin\java.exe
0x00007ff980e50000 - 0x00007ff981048000 	C:\Windows\SYSTEM32\ntdll.dll
0x00007ff97f960000 - 0x00007ff97fa22000 	C:\Windows\System32\KERNEL32.DLL
0x00007ff97e790000 - 0x00007ff97ea8f000 	C:\Windows\System32\KERNELBASE.dll
0x00007ff97e530000 - 0x00007ff97e630000 	C:\Windows\System32\ucrtbase.dll
0x00007ff95d3b0000 - 0x00007ff95d3c7000 	C:\Program Files\Microsoft\jdk-17.0.14.7-hotspot\bin\jli.dll
0x00007ff96ac40000 - 0x00007ff96ac5d000 	C:\Program Files\Microsoft\jdk-17.0.14.7-hotspot\bin\VCRUNTIME140.dll
0x00007ff97f7c0000 - 0x00007ff97f95d000 	C:\Windows\System32\USER32.dll
0x00007ff97ecc0000 - 0x00007ff97ece2000 	C:\Windows\System32\win32u.dll
0x00007ff963f30000 - 0x00007ff9641ca000 	C:\Windows\WinSxS\amd64_microsoft.windows.common-controls_6595b64144ccf1df_6.0.19041.4355_none_60b8b9eb71f62e16\COMCTL32.dll
0x00007ff97f110000 - 0x00007ff97f13b000 	C:\Windows\System32\GDI32.dll
0x00007ff980880000 - 0x00007ff98091e000 	C:\Windows\System32\msvcrt.dll
0x00007ff97ea90000 - 0x00007ff97eba7000 	C:\Windows\System32\gdi32full.dll
0x00007ff97ec20000 - 0x00007ff97ecbd000 	C:\Windows\System32\msvcp_win.dll
0x00007ff97f1b0000 - 0x00007ff97f1df000 	C:\Windows\System32\IMM32.DLL
0x00007ff96ac30000 - 0x00007ff96ac3c000 	C:\Program Files\Microsoft\jdk-17.0.14.7-hotspot\bin\vcruntime140_1.dll
0x00007ff9580d0000 - 0x00007ff95815d000 	C:\Program Files\Microsoft\jdk-17.0.14.7-hotspot\bin\msvcp140.dll
0x00007ff947aa0000 - 0x00007ff948712000 	C:\Program Files\Microsoft\jdk-17.0.14.7-hotspot\bin\server\jvm.dll
0x00007ff97fa30000 - 0x00007ff97fae1000 	C:\Windows\System32\ADVAPI32.dll
0x00007ff97fb00000 - 0x00007ff97fb9f000 	C:\Windows\System32\sechost.dll
0x00007ff97ef30000 - 0x00007ff97f053000 	C:\Windows\System32\RPCRT4.dll
0x00007ff97ee30000 - 0x00007ff97ee57000 	C:\Windows\System32\bcrypt.dll
0x00007ff980da0000 - 0x00007ff980e0b000 	C:\Windows\System32\WS2_32.dll
0x00007ff97e340000 - 0x00007ff97e38b000 	C:\Windows\SYSTEM32\POWRPROF.dll
0x00007ff970650000 - 0x00007ff97065a000 	C:\Windows\SYSTEM32\VERSION.dll
0x00007ff96e460000 - 0x00007ff96e487000 	C:\Windows\SYSTEM32\WINMM.dll
0x00007ff97e320000 - 0x00007ff97e332000 	C:\Windows\SYSTEM32\UMPDC.dll
0x00007ff97c340000 - 0x00007ff97c352000 	C:\Windows\SYSTEM32\kernel.appcore.dll
0x00007ff964680000 - 0x00007ff96468a000 	C:\Program Files\Microsoft\jdk-17.0.14.7-hotspot\bin\jimage.dll
0x00007ff9636b0000 - 0x00007ff963894000 	C:\Windows\SYSTEM32\DBGHELP.DLL
0x00007ff963670000 - 0x00007ff9636a4000 	C:\Windows\SYSTEM32\dbgcore.DLL
0x00007ff97eda0000 - 0x00007ff97ee22000 	C:\Windows\System32\bcryptPrimitives.dll
0x00007ff975b70000 - 0x00007ff975b7e000 	C:\Program Files\Microsoft\jdk-17.0.14.7-hotspot\bin\instrument.dll
0x00007ff95a5d0000 - 0x00007ff95a5f5000 	C:\Program Files\Microsoft\jdk-17.0.14.7-hotspot\bin\java.dll

dbghelp: loaded successfully - version: 4.0.5 - missing functions: none
symbol engine: initialized successfully - sym options: 0x614 - pdb path: .;C:\Program Files\Microsoft\jdk-17.0.14.7-hotspot\bin;C:\Windows\SYSTEM32;C:\Windows\WinSxS\amd64_microsoft.windows.common-controls_6595b64144ccf1df_6.0.19041.4355_none_60b8b9eb71f62e16;C:\Program Files\Microsoft\jdk-17.0.14.7-hotspot\bin\server

VM Arguments:
jvm_args: -ea -Didea.test.cyclic.buffer.size=1048576 -javaagent:C:\Program Files\JetBrains\IntelliJ IDEA Community Edition 2023.3.6\lib\idea_rt.jar=63081:C:\Program Files\JetBrains\IntelliJ IDEA Community Edition 2023.3.6\bin -Dfile.encoding=UTF-8 
java_command: com.intellij.rt.junit.JUnitStarter -ideVersion5 -junit5 org.study.SimpleCalculatorAppTest,multiplying
java_class_path (initial): C:\Users\CAPACITI-JHB\.m2\repository\org\junit\platform\junit-platform-launcher\1.8.2\junit-platform-launcher-1.8.2.jar;C:\Program Files\JetBrains\IntelliJ IDEA Community Edition 2023.3.6\lib\idea_rt.jar;C:\Program Files\JetBrains\IntelliJ IDEA Community Edition 2023.3.6\plugins\junit\lib\junit5-rt.jar;C:\Program Files\JetBrains\IntelliJ IDEA Community Edition 2023.3.6\plugins\junit\lib\junit-rt.jar;C:\Users\CAPACITI-JHB\IdeaProjects\SimpleCalculator\target\test-classes;C:\Users\CAPACITI-JHB\IdeaProjects\SimpleCalculator\target\classes;C:\Users\CAPACITI-JHB\.m2\repository\org\junit\jupiter\junit-jupiter-api\5.8.2\junit-jupiter-api-5.8.2.jar;C:\Users\CAPACITI-JHB\.m2\repository\org\opentest4j\opentest4j\1.2.0\opentest4j-1.2.0.jar;C:\Users\CAPACITI-JHB\.m2\repository\org\junit\platform\junit-platform-commons\1.8.2\junit-platform-commons-1.8.2.jar;C:\Users\CAPACITI-JHB\.m2\repository\org\apiguardian\apiguardian-api\1.1.2\apiguardian-api-1.1.2.jar;C:\Users\CAPACITI-JHB\.m2\repository\org\junit\jupiter\junit-jupiter-engine\5.8.2\junit-jupiter-engine-5.8.2.jar;C:\Users\CAPACITI-JHB\.m2\repository\org\junit\platform\junit-platform-engine\1.8.2\junit-platform-engine-1.8.2.jar
Launcher Type: SUN_STANDARD

[Global flags]
     intx CICompilerCount                          = 3                                         {product} {ergonomic}
     uint ConcGCThreads                            = 1                                         {product} {ergonomic}
     uint G1ConcRefinementThreads                  = 4                                         {product} {ergonomic}
   size_t G1HeapRegionSize                         = 1048576                                   {product} {ergonomic}
    uintx GCDrainStackTargetSize                   = 64                                        {product} {ergonomic}
   size_t InitialHeapSize                          = 134217728                                 {product} {ergonomic}
   size_t MarkStackSize                            = 4194304                                   {product} {ergonomic}
   size_t MaxHeapSize                              = 2126512128                                {product} {ergonomic}
   size_t MinHeapDeltaBytes                        = 1048576                                   {product} {ergonomic}
   size_t MinHeapSize                              = 8388608                                   {product} {ergonomic}
    uintx NonNMethodCodeHeapSize                   = 5832780                                {pd product} {ergonomic}
    uintx NonProfiledCodeHeapSize                  = 122912730                              {pd product} {ergonomic}
    uintx ProfiledCodeHeapSize                     = 122912730                              {pd product} {ergonomic}
    uintx ReservedCodeCacheSize                    = 251658240                              {pd product} {ergonomic}
     bool SegmentedCodeCache                       = true                                      {product} {ergonomic}
   size_t SoftMaxHeapSize                          = 2126512128                             {manageable} {ergonomic}
     bool UseCompressedClassPointers               = true                           {product lp64_product} {ergonomic}
     bool UseCompressedOops                        = true                           {product lp64_product} {ergonomic}
     bool UseG1GC                                  = true                                      {product} {ergonomic}
     bool UseLargePagesIndividualAllocation        = false                                  {pd product} {ergonomic}

Logging:
Log output configuration:
 #0: stdout all=warning uptime,level,tags
 #1: stderr all=off uptime,level,tags

Environment Variables:
PATH=C:\Program Files\Microsoft\jdk-17.0.14.7-hotspot\bin;C:\Program Files (x86)\VMware\VMware Workstation\bin\;C:\Windows\system32;C:\Windows;C:\Windows\System32\Wbem;C:\Windows\System32\WindowsPowerShell\v1.0\;C:\Windows\System32\OpenSSH\;C:\Users\CAPACITI-JHB\AppData\Local\Microsoft\WindowsApps;
USERNAME=CAPACITI-JHB
OS=Windows_NT
PROCESSOR_IDENTIFIER=Intel64 Family 6 Model 158 Stepping 9, GenuineIntel
TMP=C:\Users\CAPACI~1\AppData\Local\Temp
TEMP=C:\Users\CAPACI~1\AppData\Local\Temp



Periodic native trim disabled


---------------  S Y S T E M  ---------------

OS:
 Windows 10 , 64 bit Build 19041 (10.0.19041.5198)
OS uptime: 3 days 17:51 hours
Hyper-V role detected

CPU: total 4 (initial active 4) (2 cores per cpu, 2 threads per core) family 6 model 158 stepping 9 microcode 0xec, cx8, cmov, fxsr, ht, mmx, 3dnowpref, sse, sse2, sse3, ssse3, sse4.1, sse4.2, popcnt, lzcnt, tsc, tscinvbit, avx, avx2, aes, erms, clmul, bmi1, bmi2, adx, fma, vzeroupper, clflush, clflushopt, hv
Processor Information for the first 4 processors :
  Max Mhz: 3912, Current Mhz: 3912, Mhz Limit: 3912

Memory: 4k page, system-wide physical 8106M (1562M free)
TotalPageFile size 9138M (AvailPageFile size 106M)
current process WorkingSet (physical memory assigned to process): 10M, peak: 10M
current process commit charge ("private bytes"): 52M, peak: 179M

vm_info: OpenJDK 64-Bit Server VM (17.0.14+7-LTS) for windows-amd64 JRE (17.0.14+7-LTS), built on Jan  8 2025 23:39:28 by "MicrosoftCorporation" with unknown MS VC++:1939

END.
